2013-09-12 16:53:14,718 - [INFO] - from play in main 
Listening for HTTP on /0.0.0.0:9000

2013-09-12 16:53:43,047 - [DEBUG] - from play in play-internal-execution-context-1 
Plugin [play.api.cache.EhCachePlugin] is disabled

2013-09-12 16:53:43,113 - [INFO] - from application in play-internal-execution-context-1 
ReactiveMongoPlugin starting...

2013-09-12 16:53:43,123 - [INFO] - from application in play-internal-execution-context-1 
ReactiveMongoPlugin successfully started with db 'media-monkey'! Servers:
		[localhost:27017]

2013-09-12 16:53:43,573 - [INFO] - from play in play-internal-execution-context-1 
Application started (Dev)

2013-09-12 16:53:50,472 - [DEBUG] - from application in play-akka.actor.default-dispatcher-5 
Index page shown for 50 customers.

2013-09-12 16:53:50,600 - [DEBUG] - from application in play-akka.actor.default-dispatcher-2 
Index page shown for 50 customers.

2013-09-12 16:53:52,447 - [DEBUG] - from application in play-akka.actor.default-dispatcher-7 
Edit page shown for customer with 1 attributes.

2013-09-12 16:53:54,116 - [DEBUG] - from application in play-akka.actor.default-dispatcher-5 
Index page shown for 50 customers.

2013-09-12 16:53:55,673 - [DEBUG] - from application in play-akka.actor.default-dispatcher-7 
Edit page shown for customer with 1 attributes.

2013-09-12 16:53:56,856 - [DEBUG] - from application in play-akka.actor.default-dispatcher-7 
Index page shown for 50 customers.

2013-09-12 16:53:58,217 - [DEBUG] - from application in play-akka.actor.default-dispatcher-4 
Edit page shown for customer with 1 attributes.

2013-09-12 16:53:59,006 - [DEBUG] - from application in play-akka.actor.default-dispatcher-2 
Index page shown for 50 customers.

2013-09-12 16:54:00,585 - [DEBUG] - from application in play-akka.actor.default-dispatcher-10 
Edit page shown for customer with 1 attributes.

2013-09-12 16:54:01,382 - [DEBUG] - from application in play-akka.actor.default-dispatcher-2 
Index page shown for 50 customers.

2013-09-12 16:54:04,058 - [DEBUG] - from application in play-akka.actor.default-dispatcher-7 
Edit page shown for customer with 1 attributes.

2013-09-12 16:54:05,062 - [DEBUG] - from application in play-akka.actor.default-dispatcher-7 
Index page shown for 50 customers.

2013-09-12 16:54:09,544 - [DEBUG] - from application in play-akka.actor.default-dispatcher-8 
Edit page shown for customer with 1 attributes.

2013-09-12 16:54:10,530 - [DEBUG] - from application in play-akka.actor.default-dispatcher-3 
Index page shown for 50 customers.

2013-09-12 16:54:19,241 - [DEBUG] - from application in play-akka.actor.default-dispatcher-6 
Index page shown for 30 packages.

2013-09-12 16:54:20,484 - [DEBUG] - from application in play-akka.actor.default-dispatcher-6 
Edit page shown for package with 1 attributes.

2013-09-12 16:54:25,232 - [DEBUG] - from application in play-akka.actor.default-dispatcher-5 
Edit page shown for customer with 1 attributes.

